<?xml version='1.0' encoding='utf-8'?>
<testsuite name="TestSuite" tests="28" failures="0" errors="0" skipped="0" timestamp="2024-09-14T22:32:46" time="5.913"><testcase classname="integration" name="Vertical jump [1] - (x1=8, y1=8, mx=11, my=13, platforms=[[7,9,3]], pipes=[])" time="0.264" /><testcase classname="integration" name="Vertical jump [6] - (x1=11, y1=12, mx=17, my=13, platforms=[], pipes=[])" time="0.27" /><testcase classname="integration" name="Vertical jump [5] - (x1=23, y1=9, mx=14, my=13, platforms=[[22,10,3]], pipes=[])" time="0.287" /><testcase classname="integration" name="Vertical jump [7] - (x1=17, y1=12, mx=11, my=13, platforms=[], pipes=[])" time="0.287" /><testcase classname="integration" name="Vertical jump [12] - (x1=17, y1=6, mx=11, my=13, platforms=[[13,10,3],[16,7,3]], pipes=[])" time="0.325" /><testcase classname="integration" name="Vertical jump [4] - (x1=5, y1=9, mx=14, my=13, platforms=[[4,10,3]], pipes=[])" time="0.35" /><testcase classname="integration" name="Vertical jump [14] - (x1=18, y1=7, mx=11, my=13, platforms=[[13,12,6],[14,11,5],[15,10,4],[16,9,3],[17,8,2]], pipes=[])" time="0.344" /><testcase classname="integration" name="Vertical jump [2] - (x1=3, y1=12, mx=17, my=13, platforms=[[2,13,3]], pipes=[])" time="0.402" /><testcase classname="integration" name="Vertical jump [13] - (x1=11, y1=6, mx=17, my=13, platforms=[[13,10,3],[10,7,3]], pipes=[])" time="0.396" /><testcase classname="integration" name="Vertical jump [9] - (x1=10, y1=8, mx=14, my=13, platforms=[], pipes=[[10,12,4]])" time="0.422" /><testcase classname="integration" name="Vertical jump [15] - (x1=10, y1=7, mx=17, my=13, platforms=[[10,12,6],[10,11,5],[10,10,4],[10,9,3],[10,8,2]], pipes=[])" time="0.424" /><testcase classname="integration" name="Vertical jump [3] - (x1=26, y1=12, mx=11, my=13, platforms=[[25,13,3]], pipes=[])" time="0.536" /><testcase classname="integration" name="Vertical jump [0] - (x1=20, y1=8, mx=17, my=13, platforms=[[19,9,3]], pipes=[])" time="0.64" /><testcase classname="integration" name="Vertical jump [11] - (x1=8, y1=7, mx=17, my=13, platforms=[[7,8,3]], pipes=[])" time="0.735" /><testcase classname="integration" name="Vertical jump [10] - (x1=20, y1=7, mx=11, my=13, platforms=[[19,8,3]], pipes=[])" time="0.766" /><testcase classname="integration" name="Vertical jump [8] - (x1=18, y1=8, mx=14, my=13, platforms=[], pipes=[[17,12,4]])" time="0.986" /><testcase classname="level1" name=" [8] - (p_x=118, p_y=8, g_x=121, g_y=4)" time="0.21" /><testcase classname="level1" name=" [2] - (p_x=33, p_y=12, g_x=38, g_y=9)" time="0.301" /><testcase classname="level1" name=" [0] - (p_x=5, p_y=12, g_x=15, g_y=12)" time="0.351" /><testcase classname="level1" name=" [7] - (p_x=83, p_y=12, g_x=91, g_y=12)" time="0.298" /><testcase classname="level1" name=" [9] - (p_x=122, p_y=4, g_x=129, g_y=4)" time="0.288" /><testcase classname="level1" name=" [1] - (p_x=22, p_y=12, g_x=29, g_y=10)" time="0.371" /><testcase classname="level1" name=" [3] - (p_x=38, p_y=9, g_x=47, g_y=8)" time="0.365" /><testcase classname="level1" name=" [10] - (p_x=132, p_y=12, g_x=137, g_y=8)" time="0.31" /><testcase classname="level1" name=" [4] - (p_x=65, p_y=12, g_x=73, g_y=12)" time="0.4" /><testcase classname="level1" name=" [11] - (p_x=176, p_y=12, g_x=189, g_y=4)" time="0.483" /><testcase classname="level1" name=" [6] - (p_x=81, p_y=4, g_x=92, g_y=4)" time="1.318" /><testcase classname="level1" name=" [5] - (p_x=74, p_y=12, g_x=81, g_y=4)" time="1.497" /></testsuite>