<?xml version='1.0' encoding='utf-8'?>
<testsuite name="TestSuite" tests="16" failures="0" errors="0" skipped="0" timestamp="2024-09-09T21:51:47" time="10.578"><testcase classname="integration" name="Vertical jump [6] - (x1=11, y1=12, mx=17, my=13, platforms=[], pipes=[])" time="0.623" /><testcase classname="integration" name="Vertical jump [1] - (x1=8, y1=8, mx=11, my=13, platforms=[[7,9,3]], pipes=[])" time="1.16" /><testcase classname="integration" name="Vertical jump [5] - (x1=23, y1=9, mx=14, my=13, platforms=[[22,10,3]], pipes=[])" time="1.654" /><testcase classname="integration" name="Vertical jump [7] - (x1=17, y1=12, mx=11, my=13, platforms=[], pipes=[])" time="2.189" /><testcase classname="integration" name="Vertical jump [8] - (x1=18, y1=8, mx=14, my=13, platforms=[], pipes=[[17,12,4]])" time="2.691" /><testcase classname="integration" name="Vertical jump [12] - (x1=17, y1=6, mx=11, my=13, platforms=[[13,10,3],[16,7,3]], pipes=[])" time="3.186" /><testcase classname="integration" name="Vertical jump [2] - (x1=3, y1=12, mx=17, my=13, platforms=[[2,13,3]], pipes=[])" time="3.762" /><testcase classname="integration" name="Vertical jump [13] - (x1=11, y1=6, mx=17, my=13, platforms=[[13,10,3],[10,7,3]], pipes=[])" time="4.243" /><testcase classname="integration" name="Vertical jump [3] - (x1=26, y1=12, mx=11, my=13, platforms=[[25,13,3]], pipes=[])" time="4.789" /><testcase classname="integration" name="Vertical jump [14] - (x1=18, y1=7, mx=11, my=13, platforms=[[13,12,6],[14,11,5],[15,10,4],[16,9,3],[17,8,2]], pipes=[])" time="5.284" /><testcase classname="integration" name="Vertical jump [15] - (x1=10, y1=7, mx=17, my=13, platforms=[[10,12,6],[10,11,5],[10,10,4],[10,9,3],[10,8,2]], pipes=[])" time="5.787" /><testcase classname="integration" name="Vertical jump [11] - (x1=8, y1=7, mx=17, my=13, platforms=[[7,8,3]], pipes=[])" time="6.311" /><testcase classname="integration" name="Vertical jump [9] - (x1=10, y1=8, mx=14, my=13, platforms=[], pipes=[[10,12,4]])" time="6.838" /><testcase classname="integration" name="Vertical jump [10] - (x1=20, y1=7, mx=11, my=13, platforms=[[19,8,3]], pipes=[])" time="7.483" /><testcase classname="integration" name="Vertical jump [0] - (x1=20, y1=8, mx=17, my=13, platforms=[[19,9,3]], pipes=[])" time="8.032" /><testcase classname="integration" name="Vertical jump [4] - (x1=5, y1=9, mx=14, my=13, platforms=[[4,10,3]], pipes=[])" time="8.661" /></testsuite>