<?xml version='1.0' encoding='utf-8'?>
<testsuite name="TestSuite" tests="1" failures="0" errors="0" skipped="0" timestamp="2024-09-24T19:03:44" time="1.282"><testcase classname="integration" name="Vertical jump [0] - (x1=20, y1=8, mx=17, my=13, platforms=[[19,9,3]], pipes=[])" time="0.131" /></testsuite>