<?xml version='1.0' encoding='utf-8'?>
<testsuite name="TestSuite" tests="12" failures="0" errors="0" skipped="0" timestamp="2024-09-11T19:00:10" time="12.47"><testcase classname="level1" name=" [8] - (p_x=118, p_y=8, g_x=121, g_y=4)" time="0.514" /><testcase classname="level1" name=" [2] - (p_x=33, p_y=12, g_x=38, g_y=9)" time="1.205" /><testcase classname="level1" name=" [0] - (p_x=5, p_y=12, g_x=15, g_y=12)" time="1.802" /><testcase classname="level1" name=" [9] - (p_x=122, p_y=4, g_x=129, g_y=4)" time="2.122" /><testcase classname="level1" name=" [4] - (p_x=65, p_y=12, g_x=73, g_y=12)" time="2.78" /><testcase classname="level1" name=" [7] - (p_x=83, p_y=12, g_x=91, g_y=12)" time="3.227" /><testcase classname="level1" name=" [1] - (p_x=22, p_y=12, g_x=29, g_y=10)" time="3.898" /><testcase classname="level1" name=" [3] - (p_x=38, p_y=9, g_x=47, g_y=8)" time="4.375" /><testcase classname="level1" name=" [10] - (p_x=132, p_y=12, g_x=137, g_y=8)" time="4.759" /><testcase classname="level1" name=" [11] - (p_x=176, p_y=12, g_x=189, g_y=4)" time="5.423" /><testcase classname="level1" name=" [6] - (p_x=81, p_y=4, g_x=92, g_y=4)" time="6.716" /><testcase classname="level1" name=" [5] - (p_x=74, p_y=12, g_x=81, g_y=4)" time="10.099" /></testsuite>