<?xml version='1.0' encoding='utf-8'?>
<testsuite name="TestSuite" tests="17" failures="0" errors="0" skipped="0" timestamp="2024-08-26T16:12:26" time="22.509"><testcase classname="jump" name="Vertical jump [8] - (x1=18, y1=9, mx=15, my=7, list=[[17,10,3]])" time="5.607" /><testcase classname="jump" name="Vertical jump [9] - (x1=9, y1=6, mx=15, my=7, list=[])" time="6.665" /><testcase classname="jump" name="Vertical jump [10] - (x1=15, y1=6, mx=9, my=7, list=[])" time="7.716" /><testcase classname="jump" name="Vertical jump [7] - (x1=6, y1=9, mx=9, my=7, list=[[5,10,3]])" time="8.415" /><testcase classname="jump" name="Vertical jump [5] - (x1=21, y1=9, mx=15, my=7, list=[[20,10,3]])" time="9.222" /><testcase classname="jump" name="Vertical jump [4] - (x1=21, y1=3, mx=12, my=7, list=[[20,4,3]])" time="9.742" /><testcase classname="jump" name="Vertical jump [3] - (x1=3, y1=3, mx=12, my=7, list=[[2,4,3]])" time="10.294" /><testcase classname="jump" name="Vertical jump [2] - (x1=2, y1=6, mx=15, my=7, list=[[1,7,3]])" time="11.73" /><testcase classname="jump" name="Vertical jump [0] - (x1=18, y1=1, mx=9, my=7, list=[[17,2,3]])" time="12.559" /><testcase classname="jump" name="Vertical jump [5] - (x1=8, y1=1, mx=15, my=7, list=[[8,6,6],[8,5,5],[8,4,4],[8,3,3],[8,2,2]])" time="13.283" /><testcase classname="jump" name="Vertical jump [6] - (x1=3, y1=9, mx=9, my=7, list=[[2,10,3]])" time="13.933" /><testcase classname="jump" name="Vertical jump [1] - (x1=6, y1=1, mx=15, my=7, list=[[5,2,3]])" time="14.602" /><testcase classname="jump" name="Vertical jump [4] - (x1=16, y1=1, mx=9, my=7, list=[[11,6,6],[12,5,5],[13,4,4],[14,3,3],[15,2,2]])" time="15.8" /><testcase classname="jump" name="Vertical jump [2] - (x1=15, y1=0, mx=9, my=7, list=[[11,4,3],[14,1,3]])" time="16.358" /><testcase classname="jump" name="Vertical jump [1] - (x1=6, y1=2, mx=9, my=7, list=[[5,3,3]])" time="18.089" /><testcase classname="jump" name="Vertical jump [0] - (x1=18, y1=2, mx=15, my=7, list=[[17,3,3]])" time="18.902" /><testcase classname="jump" name="Vertical jump [3] - (x1=9, y1=0, mx=15, my=7, list=[[11,4,3],[8,1,3]])" time="20.169" /></testsuite>