<?xml version='1.0' encoding='utf-8'?>
<testsuite name="TestSuite" tests="11" failures="0" errors="0" skipped="0" timestamp="2024-08-26T13:29:06" time="35.43"><testcase classname="jump" name="Vertical jump [7] - (x1=6, y1=9, mx=9, my=7, list=[[5,10,3]])" time="18.08" /><testcase classname="jump" name="Vertical jump [8] - (x1=18, y1=9, mx=15, my=7, list=[[17,10,3]])" time="19.57" /><testcase classname="jump" name="Vertical jump [9] - (x1=9, y1=6, mx=15, my=7, list=[])" time="21.635" /><testcase classname="jump" name="Vertical jump [6] - (x1=3, y1=9, mx=9, my=7, list=[[2,10,3]])" time="24.774" /><testcase classname="jump" name="Vertical jump [3] - (x1=3, y1=3, mx=12, my=7, list=[[2,4,3]])" time="25.698" /><testcase classname="jump" name="Vertical jump [10] - (x1=15, y1=6, mx=9, my=7, list=[])" time="26.392" /><testcase classname="jump" name="Vertical jump [5] - (x1=21, y1=9, mx=15, my=7, list=[[20,10,3]])" time="27.418" /><testcase classname="jump" name="Vertical jump [4] - (x1=21, y1=3, mx=12, my=7, list=[[20,4,3]])" time="28.006" /><testcase classname="jump" name="Vertical jump [2] - (x1=2, y1=6, mx=15, my=7, list=[[1,7,3]])" time="30.174" /><testcase classname="jump" name="Vertical jump [1] - (x1=6, y1=2, mx=9, my=7, list=[[5,3,3]])" time="31.528" /><testcase classname="jump" name="Vertical jump [0] - (x1=18, y1=2, mx=15, my=7, list=[[17,3,3]])" time="33.38" /></testsuite>