<?xml version='1.0' encoding='utf-8'?>
<testsuite name="TestSuite" tests="28" failures="11" errors="0" skipped="0" timestamp="2024-09-14T12:35:08" time="18.307"><testcase classname="integration" name="Vertical jump [6] - (x1=11, y1=12, mx=17, my=13, platforms=[], pipes=[])" time="0.291" /><testcase classname="integration" name="Vertical jump [4] - (x1=5, y1=9, mx=14, my=13, platforms=[[4,10,3]], pipes=[])" time="0.34" /><testcase classname="integration" name="Vertical jump [3] - (x1=26, y1=12, mx=11, my=13, platforms=[[25,13,3]], pipes=[])" time="0.369" /><testcase classname="integration" name="Vertical jump [7] - (x1=17, y1=12, mx=11, my=13, platforms=[], pipes=[])" time="0.612" /><testcase classname="integration" name="Vertical jump [2] - (x1=3, y1=12, mx=17, my=13, platforms=[[2,13,3]], pipes=[])" time="0.706" /><testcase classname="integration" name="Vertical jump [15] - (x1=10, y1=7, mx=17, my=13, platforms=[[10,12,6],[10,11,5],[10,10,4],[10,9,3],[10,8,2]], pipes=[])" time="0.716" /><testcase classname="integration" name="Vertical jump [14] - (x1=18, y1=7, mx=11, my=13, platforms=[[13,12,6],[14,11,5],[15,10,4],[16,9,3],[17,8,2]], pipes=[])" time="0.792" /><testcase classname="integration" name="Vertical jump [5] - (x1=23, y1=9, mx=14, my=13, platforms=[[22,10,3]], pipes=[])" time="1.644" /><testcase classname="integration" name="Vertical jump [1] - (x1=8, y1=8, mx=11, my=13, platforms=[[7,9,3]], pipes=[])" time="4.077"><failure message="&#10;Test Vertical jump [1] - (x1=8, y1=8, mx=11, my=13, platforms=[[7,9,3]], pipes=[]) FAILED&#10;Actual    : [0, 0, 0, 0, 0, 0, 0, 0, 0, 0, 0, 0, 0, 0, 0, 0, 0, 0, 0, 0] &#10;Expected  : True&#10;&#10;Test Vertical jump [1] - (x1=8, y1=8, mx=11, my=13, platforms=[[7,9,3]], pipes=[]) FAILED&#10;Actual    : [1, 1, 1, 1, 1, 1, 1, 1, 1, 1, 1, 1, 1, 1, 1, 1, 1, 1, 1, 1] &#10;Expected  : False&#10;" type="AssertionError">
Test Vertical jump [1] - (x1=8, y1=8, mx=11, my=13, platforms=[[7,9,3]], pipes=[]) FAILED
Actual    : [0, 0, 0, 0, 0, 0, 0, 0, 0, 0, 0, 0, 0, 0, 0, 0, 0, 0, 0, 0] 
Expected  : True

Test Vertical jump [1] - (x1=8, y1=8, mx=11, my=13, platforms=[[7,9,3]], pipes=[]) FAILED
Actual    : [1, 1, 1, 1, 1, 1, 1, 1, 1, 1, 1, 1, 1, 1, 1, 1, 1, 1, 1, 1] 
Expected  : False
</failure></testcase><testcase classname="integration" name="Vertical jump [11] - (x1=8, y1=7, mx=17, my=13, platforms=[[7,8,3]], pipes=[])" time="4.813"><failure message="&#10;Test Vertical jump [11] - (x1=8, y1=7, mx=17, my=13, platforms=[[7,8,3]], pipes=[]) FAILED&#10;Actual    : [0, 0, 0, 0, 0, 0, 0, 0, 0, 0, 0, 0, 0, 0, 0, 0, 0, 0, 0, 0] &#10;Expected  : True&#10;&#10;Test Vertical jump [11] - (x1=8, y1=7, mx=17, my=13, platforms=[[7,8,3]], pipes=[]) FAILED&#10;Actual    : [1, 1, 1, 1, 1, 1, 1, 1, 1, 1, 1, 1, 1, 1, 1, 1, 1, 1, 1, 1] &#10;Expected  : False&#10;" type="AssertionError">
Test Vertical jump [11] - (x1=8, y1=7, mx=17, my=13, platforms=[[7,8,3]], pipes=[]) FAILED
Actual    : [0, 0, 0, 0, 0, 0, 0, 0, 0, 0, 0, 0, 0, 0, 0, 0, 0, 0, 0, 0] 
Expected  : True

Test Vertical jump [11] - (x1=8, y1=7, mx=17, my=13, platforms=[[7,8,3]], pipes=[]) FAILED
Actual    : [1, 1, 1, 1, 1, 1, 1, 1, 1, 1, 1, 1, 1, 1, 1, 1, 1, 1, 1, 1] 
Expected  : False
</failure></testcase><testcase classname="integration" name="Vertical jump [10] - (x1=20, y1=7, mx=11, my=13, platforms=[[19,8,3]], pipes=[])" time="4.96"><failure message="&#10;Test Vertical jump [10] - (x1=20, y1=7, mx=11, my=13, platforms=[[19,8,3]], pipes=[]) FAILED&#10;Actual    : [0, 0, 0, 0, 0, 0, 0, 0, 0, 0, 0, 0, 0, 0, 0, 0, 0, 0, 0, 0] &#10;Expected  : True&#10;&#10;Test Vertical jump [10] - (x1=20, y1=7, mx=11, my=13, platforms=[[19,8,3]], pipes=[]) FAILED&#10;Actual    : [1, 1, 1, 1, 1, 1, 1, 1, 1, 1, 1, 1, 1, 1, 1, 1, 1, 1, 1, 1] &#10;Expected  : False&#10;" type="AssertionError">
Test Vertical jump [10] - (x1=20, y1=7, mx=11, my=13, platforms=[[19,8,3]], pipes=[]) FAILED
Actual    : [0, 0, 0, 0, 0, 0, 0, 0, 0, 0, 0, 0, 0, 0, 0, 0, 0, 0, 0, 0] 
Expected  : True

Test Vertical jump [10] - (x1=20, y1=7, mx=11, my=13, platforms=[[19,8,3]], pipes=[]) FAILED
Actual    : [1, 1, 1, 1, 1, 1, 1, 1, 1, 1, 1, 1, 1, 1, 1, 1, 1, 1, 1, 1] 
Expected  : False
</failure></testcase><testcase classname="integration" name="Vertical jump [0] - (x1=20, y1=8, mx=17, my=13, platforms=[[19,9,3]], pipes=[])" time="6.472"><failure message="&#10;Test Vertical jump [0] - (x1=20, y1=8, mx=17, my=13, platforms=[[19,9,3]], pipes=[]) FAILED&#10;Actual    : [0, 0, 0, 0, 0, 0, 0, 0, 0, 0, 0, 0, 0, 0, 0, 0, 0, 0, 0, 0] &#10;Expected  : True&#10;" type="AssertionError">
Test Vertical jump [0] - (x1=20, y1=8, mx=17, my=13, platforms=[[19,9,3]], pipes=[]) FAILED
Actual    : [0, 0, 0, 0, 0, 0, 0, 0, 0, 0, 0, 0, 0, 0, 0, 0, 0, 0, 0, 0] 
Expected  : True
</failure></testcase><testcase classname="integration" name="Vertical jump [12] - (x1=17, y1=6, mx=11, my=13, platforms=[[13,10,3],[16,7,3]], pipes=[])" time="7.248"><failure message="&#10;Test Vertical jump [12] - (x1=17, y1=6, mx=11, my=13, platforms=[[13,10,3],[16,7,3]], pipes=[]) FAILED&#10;Actual    : [0, 0, 0, 0, 0, 0, 0, 0, 0, 0, 0, 0, 0, 0, 0, 0, 0, 0, 0, 0] &#10;Expected  : True&#10;&#10;Test Vertical jump [12] - (x1=17, y1=6, mx=11, my=13, platforms=[[13,10,3],[16,7,3]], pipes=[]) FAILED&#10;Actual    : [1, 1, 1, 1, 1, 0, 1, 1, 1, 1, 1, 1, 1, 1, 1, 1, 1, 1, 1, 1] &#10;Expected  : False&#10;" type="AssertionError">
Test Vertical jump [12] - (x1=17, y1=6, mx=11, my=13, platforms=[[13,10,3],[16,7,3]], pipes=[]) FAILED
Actual    : [0, 0, 0, 0, 0, 0, 0, 0, 0, 0, 0, 0, 0, 0, 0, 0, 0, 0, 0, 0] 
Expected  : True

Test Vertical jump [12] - (x1=17, y1=6, mx=11, my=13, platforms=[[13,10,3],[16,7,3]], pipes=[]) FAILED
Actual    : [1, 1, 1, 1, 1, 0, 1, 1, 1, 1, 1, 1, 1, 1, 1, 1, 1, 1, 1, 1] 
Expected  : False
</failure></testcase><testcase classname="integration" name="Vertical jump [13] - (x1=11, y1=6, mx=17, my=13, platforms=[[13,10,3],[10,7,3]], pipes=[])" time="8.142"><failure message="&#10;Test Vertical jump [13] - (x1=11, y1=6, mx=17, my=13, platforms=[[13,10,3],[10,7,3]], pipes=[]) FAILED&#10;Actual    : [0, 0, 0, 0, 0, 0, 0, 0, 0, 0, 0, 0, 0, 0, 0, 0, 0, 0, 0, 0] &#10;Expected  : True&#10;&#10;Test Vertical jump [13] - (x1=11, y1=6, mx=17, my=13, platforms=[[13,10,3],[10,7,3]], pipes=[]) FAILED&#10;Actual    : [1, 1, 1, 1, 0, 1, 0, 1, 1, 0, 1, 1, 1, 1, 0, 1, 1, 1, 1, 1] &#10;Expected  : False&#10;" type="AssertionError">
Test Vertical jump [13] - (x1=11, y1=6, mx=17, my=13, platforms=[[13,10,3],[10,7,3]], pipes=[]) FAILED
Actual    : [0, 0, 0, 0, 0, 0, 0, 0, 0, 0, 0, 0, 0, 0, 0, 0, 0, 0, 0, 0] 
Expected  : True

Test Vertical jump [13] - (x1=11, y1=6, mx=17, my=13, platforms=[[13,10,3],[10,7,3]], pipes=[]) FAILED
Actual    : [1, 1, 1, 1, 0, 1, 0, 1, 1, 0, 1, 1, 1, 1, 0, 1, 1, 1, 1, 1] 
Expected  : False
</failure></testcase><testcase classname="integration" name="Vertical jump [8] - (x1=18, y1=8, mx=14, my=13, platforms=[], pipes=[[17,12,4]])" time="8.818"><failure message="&#10;Test Vertical jump [8] - (x1=18, y1=8, mx=14, my=13, platforms=[], pipes=[[17,12,4]]) FAILED&#10;Actual    : [0, 0, 0, 0, 0, 0, 0, 0, 0, 0, 0, 0, 0, 0, 0, 0, 0, 0, 0, 0] &#10;Expected  : True&#10;" type="AssertionError">
Test Vertical jump [8] - (x1=18, y1=8, mx=14, my=13, platforms=[], pipes=[[17,12,4]]) FAILED
Actual    : [0, 0, 0, 0, 0, 0, 0, 0, 0, 0, 0, 0, 0, 0, 0, 0, 0, 0, 0, 0] 
Expected  : True
</failure></testcase><testcase classname="integration" name="Vertical jump [9] - (x1=10, y1=8, mx=14, my=13, platforms=[], pipes=[[10,12,4]])" time="8.989"><failure message="&#10;Test Vertical jump [9] - (x1=10, y1=8, mx=14, my=13, platforms=[], pipes=[[10,12,4]]) FAILED&#10;Actual    : [0, 0, 0, 0, 0, 0, 0, 0, 0, 0, 0, 0, 0, 0, 0, 0, 0, 0, 0, 0] &#10;Expected  : True&#10;" type="AssertionError">
Test Vertical jump [9] - (x1=10, y1=8, mx=14, my=13, platforms=[], pipes=[[10,12,4]]) FAILED
Actual    : [0, 0, 0, 0, 0, 0, 0, 0, 0, 0, 0, 0, 0, 0, 0, 0, 0, 0, 0, 0] 
Expected  : True
</failure></testcase><testcase classname="level1" name=" [2] - (p_x=33, p_y=12, g_x=38, g_y=9)" time="0.323" /><testcase classname="level1" name=" [1] - (p_x=22, p_y=12, g_x=29, g_y=10)" time="0.346" /><testcase classname="level1" name=" [0] - (p_x=5, p_y=12, g_x=15, g_y=12)" time="0.375" /><testcase classname="level1" name=" [4] - (p_x=65, p_y=12, g_x=73, g_y=12)" time="0.351" /><testcase classname="level1" name=" [10] - (p_x=132, p_y=12, g_x=137, g_y=8)" time="0.329" /><testcase classname="level1" name=" [11] - (p_x=176, p_y=12, g_x=189, g_y=4)" time="0.614" /><testcase classname="level1" name=" [6] - (p_x=81, p_y=4, g_x=92, g_y=4)" time="0.994" /><testcase classname="level1" name=" [7] - (p_x=83, p_y=12, g_x=91, g_y=12)" time="1.232" /><testcase classname="level1" name=" [9] - (p_x=122, p_y=4, g_x=129, g_y=4)" time="1.435" /><testcase classname="level1" name=" [5] - (p_x=74, p_y=12, g_x=81, g_y=4)" time="4.262"><failure message="&#10;Test  [5] - (p_x=74, p_y=12, g_x=81, g_y=4) FAILED&#10;Actual    : [0, 0, 0, 0, 0, 0, 0, 0, 0, 0, 0, 0, 0, 0, 0, 0, 0, 0, 0, 0] &#10;Expected  : True&#10;&#10;Test  [5] - (p_x=74, p_y=12, g_x=81, g_y=4) FAILED&#10;Actual    : [1, 1, 1, 0, 1, 1, 0, 0, 1, 0, 0, 0, 0, 1, 1, 1, 1, 0, 0, 1] &#10;Expected  : False&#10;" type="AssertionError">
Test  [5] - (p_x=74, p_y=12, g_x=81, g_y=4) FAILED
Actual    : [0, 0, 0, 0, 0, 0, 0, 0, 0, 0, 0, 0, 0, 0, 0, 0, 0, 0, 0, 0] 
Expected  : True

Test  [5] - (p_x=74, p_y=12, g_x=81, g_y=4) FAILED
Actual    : [1, 1, 1, 0, 1, 1, 0, 0, 1, 0, 0, 0, 0, 1, 1, 1, 1, 0, 0, 1] 
Expected  : False
</failure></testcase><testcase classname="level1" name=" [8] - (p_x=118, p_y=8, g_x=121, g_y=4)" time="5.828"><failure message="&#10;Test  [8] - (p_x=118, p_y=8, g_x=121, g_y=4) FAILED&#10;Actual    : [0, 0, 0, 0, 0, 0, 0, 0, 0, 0, 0, 0, 0, 0, 0, 0, 0, 0, 0, 0] &#10;Expected  : True&#10;&#10;Test  [8] - (p_x=118, p_y=8, g_x=121, g_y=4) PASSED&#10;Actual    : [0, 0, 1, 0, 0, 1, 0, 0, 0, 0, 0, 0, 0, 0, 0, 0, 0, 0, 0, 1] &#10;Expected  : False&#10;" type="AssertionError">
Test  [8] - (p_x=118, p_y=8, g_x=121, g_y=4) FAILED
Actual    : [0, 0, 0, 0, 0, 0, 0, 0, 0, 0, 0, 0, 0, 0, 0, 0, 0, 0, 0, 0] 
Expected  : True

Test  [8] - (p_x=118, p_y=8, g_x=121, g_y=4) PASSED
Actual    : [0, 0, 1, 0, 0, 1, 0, 0, 0, 0, 0, 0, 0, 0, 0, 0, 0, 0, 0, 1] 
Expected  : False
</failure></testcase><testcase classname="level1" name=" [3] - (p_x=38, p_y=9, g_x=47, g_y=8)" time="5.933"><failure message="&#10;Test  [3] - (p_x=38, p_y=9, g_x=47, g_y=8) FAILED &#10;Actual    : [0, 0, 0, 0, 0, 0, 0, 0, 0, 0, 0, 0, 0, 0, 0, 0, 0, 0, 0, 0] &#10;Expected  : True&#10;" type="AssertionError">
Test  [3] - (p_x=38, p_y=9, g_x=47, g_y=8) FAILED 
Actual    : [0, 0, 0, 0, 0, 0, 0, 0, 0, 0, 0, 0, 0, 0, 0, 0, 0, 0, 0, 0] 
Expected  : True
</failure></testcase></testsuite>