<?xml version='1.0' encoding='utf-8'?>
<testsuite name="TestSuite" tests="28" failures="0" errors="0" skipped="0" timestamp="2024-09-13T20:02:13" time="22.501"><testcase classname="integration" name="Vertical jump [5] - (x1=23, y1=9, mx=14, my=13, platforms=[[22,10,3]], pipes=[])" time="0.496" /><testcase classname="integration" name="Vertical jump [1] - (x1=8, y1=8, mx=11, my=13, platforms=[[7,9,3]], pipes=[])" time="1.029" /><testcase classname="integration" name="Vertical jump [7] - (x1=17, y1=12, mx=11, my=13, platforms=[], pipes=[])" time="1.529" /><testcase classname="integration" name="Vertical jump [6] - (x1=11, y1=12, mx=17, my=13, platforms=[], pipes=[])" time="2.049" /><testcase classname="integration" name="Vertical jump [12] - (x1=17, y1=6, mx=11, my=13, platforms=[[13,10,3],[16,7,3]], pipes=[])" time="2.549" /><testcase classname="integration" name="Vertical jump [8] - (x1=18, y1=8, mx=14, my=13, platforms=[], pipes=[[17,12,4]])" time="3.077" /><testcase classname="integration" name="Vertical jump [4] - (x1=5, y1=9, mx=14, my=13, platforms=[[4,10,3]], pipes=[])" time="3.606" /><testcase classname="integration" name="Vertical jump [13] - (x1=11, y1=6, mx=17, my=13, platforms=[[13,10,3],[10,7,3]], pipes=[])" time="4.103" /><testcase classname="integration" name="Vertical jump [3] - (x1=26, y1=12, mx=11, my=13, platforms=[[25,13,3]], pipes=[])" time="4.664" /><testcase classname="integration" name="Vertical jump [11] - (x1=8, y1=7, mx=17, my=13, platforms=[[7,8,3]], pipes=[])" time="5.163" /><testcase classname="integration" name="Vertical jump [14] - (x1=18, y1=7, mx=11, my=13, platforms=[[13,12,6],[14,11,5],[15,10,4],[16,9,3],[17,8,2]], pipes=[])" time="5.66" /><testcase classname="integration" name="Vertical jump [9] - (x1=10, y1=8, mx=14, my=13, platforms=[], pipes=[[10,12,4]])" time="6.233" /><testcase classname="integration" name="Vertical jump [2] - (x1=3, y1=12, mx=17, my=13, platforms=[[2,13,3]], pipes=[])" time="6.835" /><testcase classname="integration" name="Vertical jump [15] - (x1=10, y1=7, mx=17, my=13, platforms=[[10,12,6],[10,11,5],[10,10,4],[10,9,3],[10,8,2]], pipes=[])" time="7.32" /><testcase classname="integration" name="Vertical jump [0] - (x1=20, y1=8, mx=17, my=13, platforms=[[19,9,3]], pipes=[])" time="7.88" /><testcase classname="integration" name="Vertical jump [10] - (x1=20, y1=7, mx=11, my=13, platforms=[[19,8,3]], pipes=[])" time="9.412" /><testcase classname="level1" name=" [8] - (p_x=118, p_y=8, g_x=121, g_y=4)" time="0.473" /><testcase classname="level1" name=" [2] - (p_x=33, p_y=12, g_x=38, g_y=9)" time="1.143" /><testcase classname="level1" name=" [0] - (p_x=5, p_y=12, g_x=15, g_y=12)" time="1.751" /><testcase classname="level1" name=" [4] - (p_x=65, p_y=12, g_x=73, g_y=12)" time="2.191" /><testcase classname="level1" name=" [1] - (p_x=22, p_y=12, g_x=29, g_y=10)" time="2.792" /><testcase classname="level1" name=" [3] - (p_x=38, p_y=9, g_x=47, g_y=8)" time="3.284" /><testcase classname="level1" name=" [6] - (p_x=81, p_y=4, g_x=92, g_y=4)" time="3.731" /><testcase classname="level1" name=" [10] - (p_x=132, p_y=12, g_x=137, g_y=8)" time="4.159" /><testcase classname="level1" name=" [7] - (p_x=83, p_y=12, g_x=91, g_y=12)" time="4.757" /><testcase classname="level1" name=" [11] - (p_x=176, p_y=12, g_x=189, g_y=4)" time="5.345" /><testcase classname="level1" name=" [9] - (p_x=122, p_y=4, g_x=129, g_y=4)" time="6.101" /><testcase classname="level1" name=" [5] - (p_x=74, p_y=12, g_x=81, g_y=4)" time="8.129" /></testsuite>